<?xml version="1.0" encoding="UTF-8"?>
<!-- Generated by org.testng.reporters.JUnitReportReporter -->
<testsuite hostname="DESKTOP-OA9KTJF" failures="0" tests="1" name="testcases.regression.ValidateLogin" time="15.397" errors="0" timestamp="2022-12-19T11:35:11 IST" skipped="0">
  <testcase classname="testcases.regression.ValidateLogin" name="validateLoginTest" time="15.397"/>
  <system-out/>
</testsuite> <!-- testcases.regression.ValidateLogin -->
