<?xml version="1.0" encoding="UTF-8"?>
<!-- Generated by org.testng.reporters.JUnitReportReporter -->
<testsuite hostname="DESKTOP-OA9KTJF" failures="0" tests="4" name="testcases.regression.ValidateLoginDataProviderExcel" time="69.660" errors="0" timestamp="2022-12-19T11:51:24 IST" skipped="0">
  <testcase classname="testcases.regression.ValidateLoginDataProviderExcel" name="validateLoginTest" time="32.199"/>
  <system-out/>
  <testcase classname="testcases.regression.ValidateLoginDataProviderExcel" name="validateLoginTest" time="11.788"/>
  <system-out/>
  <testcase classname="testcases.regression.ValidateLoginDataProviderExcel" name="validateLoginTest" time="14.524"/>
  <system-out/>
  <testcase classname="testcases.regression.ValidateLoginDataProviderExcel" name="validateLoginTest" time="11.149"/>
  <system-out/>
</testsuite> <!-- testcases.regression.ValidateLoginDataProviderExcel -->
